<?xml version="1.0" encoding="UTF-8"?>
<!-- Generated by org.testng.reporters.JUnitReportReporter -->
<testsuite hostname="LAPTOP-NO7ESUVE" failures="0" tests="1" name="com.training.testcases.TC27contact" time="11.578" errors="0" timestamp="2024-03-30T22:19:28 EDT" skipped="0">
  <testcase classname="com.training.testcases.TC27contact" name="createnewview" time="11.578"/>
  <system-out/>
</testsuite> <!-- com.training.testcases.TC27contact -->
