<?xml version="1.0" encoding="UTF-8"?>
<!-- Generated by org.testng.reporters.JUnitReportReporter -->
<testsuite hostname="LAPTOP-NO7ESUVE" failures="0" tests="1" name="com.training.testcases.contactTabtestcases" time="15.141" errors="0" timestamp="2024-04-05T20:07:54 EDT" skipped="0">
  <testcase classname="com.training.testcases.contactTabtestcases" name="createnewcontact" time="15.141"/>
  <system-out/>
</testsuite> <!-- com.training.testcases.contactTabtestcases -->
