<?xml version="1.0" encoding="UTF-8"?>
<!-- Generated by org.testng.reporters.JUnitReportReporter -->
<testsuite hostname="LAPTOP-NO7ESUVE" failures="0" tests="1" name="com.training.testcases.TC10Account" time="50.381" errors="0" timestamp="2024-04-03T09:46:06 EDT" skipped="0">
  <testcase classname="com.training.testcases.TC10Account" name="createAccount" time="50.381"/>
  <system-out/>
</testsuite> <!-- com.training.testcases.TC10Account -->
