<?xml version="1.0" encoding="UTF-8"?>
<!-- Generated by org.testng.reporters.JUnitReportReporter -->
<testsuite hostname="LAPTOP-NO7ESUVE" failures="0" tests="1" name="com.training.testcases.TC28contact" time="10.702" errors="0" timestamp="2024-03-30T22:24:04 EDT" skipped="0">
  <testcase classname="com.training.testcases.TC28contact" name="createnewview" time="10.702"/>
  <system-out/>
</testsuite> <!-- com.training.testcases.TC28contact -->
