<?xml version="1.0" encoding="UTF-8"?>
<!-- Generated by org.testng.reporters.JUnitReportReporter -->
<testsuite hostname="LAPTOP-NO7ESUVE" failures="0" tests="6" name="com.training.testcases.loginTest" time="33.845" errors="0" timestamp="2024-04-16T20:23:26 EDT" skipped="0">
  <testcase classname="com.training.testcases.loginTest" name="passwordInvalid" time="4.418"/>
  <system-out/>
  <testcase classname="com.training.testcases.loginTest" name="Remembercheckbox" time="11.741"/>
  <system-out/>
  <testcase classname="com.training.testcases.loginTest" name="forgotpassword" time="2.745"/>
  <system-out/>
  <testcase classname="com.training.testcases.loginTest" name="clickonusername" time="6.838"/>
  <system-out/>
  <testcase classname="com.training.testcases.loginTest" name="Login" time="4.612"/>
  <system-out/>
  <testcase classname="com.training.testcases.loginTest" name="Invaliusernameandpassword" time="3.491"/>
  <system-out/>
</testsuite> <!-- com.training.testcases.loginTest -->
