<?xml version="1.0" encoding="UTF-8"?>
<!-- Generated by org.testng.reporters.JUnitReportReporter -->
<testsuite hostname="LAPTOP-NO7ESUVE" failures="0" tests="1" name="com.training.testcases.loginTest" time="8.042" errors="0" timestamp="2024-03-29T13:19:00 EDT" skipped="0">
  <testcase classname="com.training.testcases.loginTest" name="Login" time="8.042"/>
  <system-out/>
</testsuite> <!-- com.training.testcases.loginTest -->
