<?xml version="1.0" encoding="UTF-8"?>
<!-- Generated by org.testng.reporters.JUnitReportReporter -->
<testsuite hostname="LAPTOP-NO7ESUVE" failures="0" tests="1" name="com.training.testcases.TC8home" time="10.423" errors="0" timestamp="2024-04-01T21:09:29 EDT" skipped="0">
  <testcase classname="com.training.testcases.TC8home" name="developerconsole8" time="10.423"/>
  <system-out/>
</testsuite> <!-- com.training.testcases.TC8home -->
