<?xml version="1.0" encoding="UTF-8"?>
<!-- Generated by org.testng.reporters.JUnitReportReporter -->
<testsuite hostname="LAPTOP-NO7ESUVE" failures="0" tests="1" name="com.training.testcases.TC32contact" time="10.267" errors="0" timestamp="2024-03-31T06:34:23 EDT" skipped="0">
  <testcase classname="com.training.testcases.TC32contact" name="contactviewcancel" time="10.267"/>
  <system-out/>
</testsuite> <!-- com.training.testcases.TC32contact -->
