<?xml version="1.0" encoding="UTF-8"?>
<!-- Generated by org.testng.reporters.JUnitReportReporter -->
<testsuite hostname="LAPTOP-NO7ESUVE" failures="0" tests="1" name="com.training.testcases.TC34home" time="23.064" errors="0" timestamp="2024-03-31T22:27:41 EDT" skipped="0">
  <testcase classname="com.training.testcases.TC34home" name="contactviewcancel" time="23.064"/>
  <system-out/>
</testsuite> <!-- com.training.testcases.TC34home -->
