<?xml version="1.0" encoding="UTF-8"?>
<!-- Generated by org.testng.reporters.JUnitReportReporter -->
<testsuite hostname="LAPTOP-NO7ESUVE" failures="0" tests="1" name="com.training.testcases.TC16newopp" time="14.097" errors="0" timestamp="2024-03-30T19:50:53 EDT" skipped="0">
  <testcase classname="com.training.testcases.TC16newopp" name="opportunitylink" time="14.097"/>
  <system-out/>
</testsuite> <!-- com.training.testcases.TC16newopp -->
