<?xml version="1.0" encoding="UTF-8"?>
<!-- Generated by org.testng.reporters.JUnitReportReporter -->
<testsuite hostname="LAPTOP-NO7ESUVE" failures="0" tests="1" name="com.training.testcases.TC25contact" time="13.406" errors="0" timestamp="2024-03-30T22:05:23 EDT" skipped="0">
  <testcase classname="com.training.testcases.TC25contact" name="leadTab" time="13.406"/>
  <system-out/>
</testsuite> <!-- com.training.testcases.TC25contact -->
