<?xml version="1.0" encoding="UTF-8"?>
<!-- Generated by org.testng.reporters.JUnitReportReporter -->
<testsuite hostname="LAPTOP-NO7ESUVE" failures="0" tests="1" name="com.training.testcases.TC13account" time="15.464" errors="0" timestamp="2024-03-30T18:42:08 EDT" skipped="0">
  <testcase classname="com.training.testcases.TC13account" name="mergeaccount" time="15.464"/>
  <system-out/>
</testsuite> <!-- com.training.testcases.TC13account -->
