<?xml version="1.0" encoding="UTF-8"?>
<!-- Generated by org.testng.reporters.JUnitReportReporter -->
<testsuite hostname="LAPTOP-NO7ESUVE" failures="0" tests="1" name="com.training.testcases.TC23lead" time="12.084" errors="0" timestamp="2024-04-02T20:20:16 EDT" skipped="0">
  <testcase classname="com.training.testcases.TC23lead" name="leadTab" time="12.084"/>
  <system-out/>
</testsuite> <!-- com.training.testcases.TC23lead -->
