<?xml version="1.0" encoding="UTF-8"?>
<!-- Generated by org.testng.reporters.JUnitReportReporter -->
<testsuite hostname="LAPTOP-NO7ESUVE" failures="0" tests="1" name="com.training.testcases.TC7Home" time="16.756" errors="0" timestamp="2024-04-01T21:09:10 EDT" skipped="0">
  <testcase classname="com.training.testcases.TC7Home" name="mysetting7" time="16.756"/>
  <system-out/>
</testsuite> <!-- com.training.testcases.TC7Home -->
