<?xml version="1.0" encoding="UTF-8"?>
<!-- Generated by org.testng.reporters.JUnitReportReporter -->
<testsuite hostname="LAPTOP-NO7ESUVE" failures="0" tests="1" name="com.training.testcases.TC5login" time="4.921" errors="0" timestamp="2024-03-29T15:19:39 EDT" skipped="0">
  <testcase classname="com.training.testcases.TC5login" name="forgotpassword" time="4.921"/>
  <system-out/>
</testsuite> <!-- com.training.testcases.TC5login -->
