<?xml version="1.0" encoding="UTF-8"?>
<!-- Generated by org.testng.reporters.JUnitReportReporter -->
<testsuite hostname="LAPTOP-NO7ESUVE" failures="0" tests="1" name="com.training.testcases.TC3login" time="8.552" errors="0" timestamp="2024-03-29T15:46:47 EDT" skipped="0">
  <testcase classname="com.training.testcases.TC3login" name="Remembercheckbox" time="8.552"/>
  <system-out/>
</testsuite> <!-- com.training.testcases.TC3login -->
