<?xml version="1.0" encoding="UTF-8"?>
<!-- Generated by org.testng.reporters.JUnitReportReporter -->
<testsuite hostname="LAPTOP-NO7ESUVE" failures="0" tests="1" name="com.training.testcases.TC4login" time="6.042" errors="0" timestamp="2024-03-29T14:30:50 EDT" skipped="0">
  <testcase classname="com.training.testcases.TC4login" name="forgotpassword" time="6.042"/>
  <system-out/>
</testsuite> <!-- com.training.testcases.TC4login -->
