<?xml version="1.0" encoding="UTF-8"?>
<!-- Generated by org.testng.reporters.JUnitReportReporter -->
<testsuite hostname="LAPTOP-NO7ESUVE" failures="0" tests="1" name="com.training.testcases.TC30contact" time="12.561" errors="0" timestamp="2024-03-30T22:33:31 EDT" skipped="0">
  <testcase classname="com.training.testcases.TC30contact" name="createnewview" time="12.561"/>
  <system-out/>
</testsuite> <!-- com.training.testcases.TC30contact -->
