<?xml version="1.0" encoding="UTF-8"?>
<!-- Generated by org.testng.reporters.JUnitReportReporter -->
<testsuite hostname="LAPTOP-NO7ESUVE" failures="0" tests="1" name="com.training.testcases.AccountTabtestcases" time="12.373" errors="0" timestamp="2024-04-05T22:01:11 EDT" skipped="0">
  <testcase classname="com.training.testcases.AccountTabtestcases" name="AccountLast30dayactivity" time="12.373"/>
  <system-out/>
</testsuite> <!-- com.training.testcases.AccountTabtestcases -->
