<?xml version="1.0" encoding="UTF-8"?>
<!-- Generated by org.testng.reporters.JUnitReportReporter -->
<testsuite hostname="LAPTOP-NO7ESUVE" failures="0" tests="1" name="com.training.testcases.TC29contact" time="10.599" errors="0" timestamp="2024-03-30T22:27:16 EDT" skipped="0">
  <testcase classname="com.training.testcases.TC29contact" name="createnewview" time="10.599"/>
  <system-out/>
</testsuite> <!-- com.training.testcases.TC29contact -->
