<?xml version="1.0" encoding="UTF-8"?>
<!-- Generated by org.testng.reporters.JUnitReportReporter -->
<testsuite hostname="LAPTOP-NO7ESUVE" failures="0" tests="1" name="com.training.testcases.TC6login" time="9.584" errors="0" timestamp="2024-03-29T15:54:19 EDT" skipped="0">
  <testcase classname="com.training.testcases.TC6login" name="Remembercheckbox" time="9.584"/>
  <system-out/>
</testsuite> <!-- com.training.testcases.TC6login -->
