<?xml version="1.0" encoding="UTF-8"?>
<!-- Generated by org.testng.reporters.JUnitReportReporter -->
<testsuite hostname="LAPTOP-NO7ESUVE" failures="0" tests="1" name="com.training.testcases.TC20opp" time="9.919" errors="0" timestamp="2024-03-30T20:24:08 EDT" skipped="0">
  <testcase classname="com.training.testcases.TC20opp" name="leadTab" time="9.919"/>
  <system-out/>
</testsuite> <!-- com.training.testcases.TC20opp -->
