<?xml version="1.0" encoding="UTF-8"?>
<!-- Generated by org.testng.reporters.JUnitReportReporter -->
<testsuite hostname="LAPTOP-NO7ESUVE" failures="0" tests="1" name="com.training.testcases.TC1login" time="7.263" errors="0" timestamp="2024-04-02T17:45:48 EDT" skipped="0">
  <testcase classname="com.training.testcases.TC1login" name="passwordInvalid" time="7.263"/>
  <system-out/>
</testsuite> <!-- com.training.testcases.TC1login -->
