<?xml version="1.0" encoding="UTF-8"?>
<!-- Generated by org.testng.reporters.JUnitReportReporter -->
<testsuite hostname="LAPTOP-NO7ESUVE" failures="0" tests="1" name="com.training.testcases.TC19opp" time="11.839" errors="0" timestamp="2024-03-30T20:13:59 EDT" skipped="0">
  <testcase classname="com.training.testcases.TC19opp" name="opportunitypipelinereport" time="11.839"/>
  <system-out/>
</testsuite> <!-- com.training.testcases.TC19opp -->
