<?xml version="1.0" encoding="UTF-8"?>
<!-- Generated by org.testng.reporters.JUnitReportReporter -->
<testsuite hostname="LAPTOP-NO7ESUVE" failures="0" tests="1" name="com.training.testcases.TC15opp" time="9.499" errors="0" timestamp="2024-03-30T19:01:09 EDT" skipped="0">
  <testcase classname="com.training.testcases.TC15opp" name="opportunitylink" time="9.499"/>
  <system-out/>
</testsuite> <!-- com.training.testcases.TC15opp -->
